2020-06-02 00:08:02.0266|INFO|ProjectManager.Utils.LoggingUtility|Operation Result Format: JSON
Request ID: 8000000a-0007-ff00-b63f-84710c7967bb
Method: GET
URL: http://localhost:50830/api/Project
Controller : ProjectManager.Controllers.ProjectController
Action : RetrieveProjects
Action Parameters : System.Web.Http.Tracing.ITraceWriterExtensions+<>c__DisplayClass14_0

2020-06-02 00:08:02.0475|INFO|ProjectManager.Utils.LoggingUtility|Operation Result Format: JSON
Request ID: 8000000a-0007-ff00-b63f-84710c7967bb
Method: GET
URL: http://localhost:50830/api/Project
Controller : ProjectManager.Controllers.ProjectController
Action : RetrieveProjects
Action Parameters : System.Web.Http.Tracing.ITraceWriterExtensions+<>c__DisplayClass14_0

2020-06-02 00:08:34.4573|INFO|ProjectManager.Utils.LoggingUtility|Request ID: 8000000a-0007-ff00-b63f-84710c7967bb
Method: GET
URL: http://localhost:50830/api/Project
Controller : ProjectManager.Controllers.ProjectController
Action : RetrieveProjects
Action Parameters : System.Web.Http.Tracing.ITraceWriterExtensions+<>c__DisplayClass12_0
Error: The network path was not found


2020-06-02 00:08:46.7706|INFO|ProjectManager.Utils.LoggingUtility|Operation Result Format: JSON
Request ID: 8000000c-0007-ff00-b63f-84710c7967bb
Method: GET
URL: http://localhost:50830/api/Project/
Controller : ProjectManager.Controllers.ProjectController
Action : RetrieveProjects
Action Parameters : System.Web.Http.Tracing.ITraceWriterExtensions+<>c__DisplayClass14_0

2020-06-02 00:08:46.7706|INFO|ProjectManager.Utils.LoggingUtility|Operation Result Format: JSON
Request ID: 8000000c-0007-ff00-b63f-84710c7967bb
Method: GET
URL: http://localhost:50830/api/Project/
Controller : ProjectManager.Controllers.ProjectController
Action : RetrieveProjects
Action Parameters : System.Web.Http.Tracing.ITraceWriterExtensions+<>c__DisplayClass14_0

